[0613/154732.370:ERROR:process_reader_win.cc(151)] SuspendThread: Access is denied. (0x5)
[0613/154732.387:ERROR:process_reader_win.cc(151)] SuspendThread: Access is denied. (0x5)
[0613/154732.392:ERROR:process_reader_win.cc(151)] SuspendThread: Access is denied. (0x5)
[0613/154732.394:ERROR:process_reader_win.cc(151)] SuspendThread: Access is denied. (0x5)
[0613/154732.394:ERROR:process_reader_win.cc(151)] SuspendThread: Access is denied. (0x5)
[0613/154732.419:ERROR:process_reader_win.cc(151)] SuspendThread: Access is denied. (0x5)
[0613/154732.425:ERROR:process_reader_win.cc(151)] SuspendThread: Access is denied. (0x5)
[0613/154732.427:ERROR:process_reader_win.cc(151)] SuspendThread: Access is denied. (0x5)
[0613/154732.430:ERROR:process_reader_win.cc(151)] SuspendThread: Access is denied. (0x5)
[0613/154732.431:ERROR:process_reader_win.cc(151)] SuspendThread: Access is denied. (0x5)
[0613/154732.436:ERROR:process_reader_win.cc(151)] SuspendThread: Access is denied. (0x5)
[0613/154732.439:ERROR:process_reader_win.cc(151)] SuspendThread: Access is denied. (0x5)
[0613/154732.439:ERROR:process_reader_win.cc(151)] SuspendThread: Access is denied. (0x5)
[0613/154732.441:ERROR:process_reader_win.cc(151)] SuspendThread: Access is denied. (0x5)
[0613/154732.444:ERROR:process_reader_win.cc(151)] SuspendThread: Access is denied. (0x5)
[0613/154732.431:ERROR:process_reader_win.cc(123)] NtOpenThread: {Access Denied} A process has requested access to an object, but has not been granted those access rights. (0xc0000022)
[0613/154732.446:ERROR:exception_snapshot_win.cc(98)] thread ID 18252 not found in process
[0613/154732.371:ERROR:process_reader_win.cc(123)] NtOpenThread: {Access Denied} A process has requested access to an object, but has not been granted those access rights. (0xc0000022)
[0613/154732.447:ERROR:exception_snapshot_win.cc(98)] thread ID 12788 not found in process
[0613/154732.468:ERROR:process_reader_win.cc(151)] SuspendThread: Access is denied. (0x5)
[0613/154732.469:ERROR:process_reader_win.cc(151)] SuspendThread: Access is denied. (0x5)
[0613/154732.471:ERROR:process_reader_win.cc(151)] SuspendThread: Access is denied. (0x5)
[0613/154732.471:ERROR:process_reader_win.cc(123)] NtOpenThread: {Access Denied} A process has requested access to an object, but has not been granted those access rights. (0xc0000022)
[0613/154732.472:ERROR:exception_snapshot_win.cc(98)] thread ID 15296 not found in process
[0613/154732.476:ERROR:process_reader_win.cc(151)] SuspendThread: Access is denied. (0x5)
[0613/154732.476:ERROR:process_reader_win.cc(151)] SuspendThread: Access is denied. (0x5)
[0613/154732.476:ERROR:process_reader_win.cc(123)] NtOpenThread: {Access Denied} A process has requested access to an object, but has not been granted those access rights. (0xc0000022)
[0613/154732.477:ERROR:exception_snapshot_win.cc(98)] thread ID 9880 not found in process
[0613/154732.478:ERROR:process_reader_win.cc(151)] SuspendThread: Access is denied. (0x5)
[0613/154732.478:ERROR:process_reader_win.cc(123)] NtOpenThread: {Access Denied} A process has requested access to an object, but has not been granted those access rights. (0xc0000022)
[0613/154732.478:ERROR:exception_snapshot_win.cc(98)] thread ID 15800 not found in process
[0613/154732.444:ERROR:process_reader_win.cc(123)] NtOpenThread: {Access Denied} A process has requested access to an object, but has not been granted those access rights. (0xc0000022)
[0613/154732.481:ERROR:exception_snapshot_win.cc(98)] thread ID 7044 not found in process
[0613/154732.419:ERROR:process_reader_win.cc(123)] NtOpenThread: {Access Denied} A process has requested access to an object, but has not been granted those access rights. (0xc0000022)
[0613/154732.481:ERROR:exception_snapshot_win.cc(98)] thread ID 11352 not found in process
[0613/154732.394:ERROR:process_reader_win.cc(123)] NtOpenThread: {Access Denied} A process has requested access to an object, but has not been granted those access rights. (0xc0000022)
[0613/154732.488:ERROR:exception_snapshot_win.cc(98)] thread ID 11412 not found in process
[0619/134407.535:ERROR:process_reader_win.cc(123)] NtOpenThread: {Access Denied} A process has requested access to an object, but has not been granted those access rights. (0xc0000022)
[0619/134407.539:ERROR:exception_snapshot_win.cc(98)] thread ID 14996 not found in process
[0619/134407.617:ERROR:process_info.cc(329)] VirtualQueryEx: Access is denied. (0x5)
[0619/134407.617:ERROR:process_info.cc(556)] ReadMemoryInfo failed
[0619/134407.617:ERROR:process_memory_win.cc(39)] Failed to initialize ProcessInfo.
[0619/134407.617:ERROR:scoped_process_suspend.cc(40)] NtResumeProcess: An attempt was made to access an exiting process. (0xc000010a)
